#-----------------------------------------------------------
# updatemem v2021.1 (64-bit)
# SW Build 3247384 on Thu Jun 10 19:36:33 MDT 2021
# 
# Start of session at: Mon Nov  1 19:52:48 2021
# Process ID: 19704
# Current directory: C:/Users/andrew_clinkenbeard1/Box/SOC/Basic_FPro2
# Command line: updatemem.exe -mode batch -source C:/XilinxVitis/Vitis/2021.1/scripts/updatemem/main.tcl -notrace -tclargs -meminfo C:/Users/andrew_clinkenbeard1/newworkspacept2/hw3_pt5_app/_ide/bitstream/hw3_pt5_xsa.mmi -data C:/XilinxVitis/Vitis/2021.1/data/embeddedsw/lib/microblaze/mb_bootloop_le.elf -proc cpu_unit/inst/microblaze_I -bit C:/Users/andrew_clinkenbeard1/newworkspacept2/hw3_pt5_app/_ide/bitstream/hw3_pt5_xsa.bit -out C:/Users/andrew_clinkenbeard1/newworkspacept2/hw3_pt5_app/_ide/bitstream/download.bit -force
# Log file: C:/Users/andrew_clinkenbeard1/Box/SOC/Basic_FPro2/updatemem.log
# Journal file: C:/Users/andrew_clinkenbeard1/Box/SOC/Basic_FPro2\updatemem.jou
#-----------------------------------------------------------
source C:/XilinxVitis/Vitis/2021.1/scripts/updatemem/main.tcl -notrace
Command: update_mem -meminfo C:/Users/andrew_clinkenbeard1/newworkspacept2/hw3_pt5_app/_ide/bitstream/hw3_pt5_xsa.mmi -data C:/XilinxVitis/Vitis/2021.1/data/embeddedsw/lib/microblaze/mb_bootloop_le.elf -proc cpu_unit/inst/microblaze_I -bit C:/Users/andrew_clinkenbeard1/newworkspacept2/hw3_pt5_app/_ide/bitstream/hw3_pt5_xsa.bit -out C:/Users/andrew_clinkenbeard1/newworkspacept2/hw3_pt5_app/_ide/bitstream/download.bit -force
Loading bitfile C:/Users/andrew_clinkenbeard1/newworkspacept2/hw3_pt5_app/_ide/bitstream/hw3_pt5_xsa.bit
Loading data files...
Updating memory content...
Creating bitstream...
Bitstream compression saved 23745440 bits.
Writing bitstream C:/Users/andrew_clinkenbeard1/newworkspacept2/hw3_pt5_app/_ide/bitstream/download.bit...
0 Infos, 0 Warnings, 0 Critical Warnings and 0 Errors encountered.
update_mem completed successfully
update_mem: Time (s): cpu = 00:00:11 ; elapsed = 00:00:10 . Memory (MB): peak = 1326.309 ; gain = 806.887
INFO: [Common 17-206] Exiting updatemem at Mon Nov  1 19:52:58 2021...
