#-----------------------------------------------------------
# Vivado v2021.1 (64-bit)
# SW Build 3247384 on Thu Jun 10 19:36:33 MDT 2021
# IP Build 3246043 on Fri Jun 11 00:30:35 MDT 2021
# Start of session at: Thu Oct 28 16:48:54 2021
# Process ID: 1572
# Current directory: C:/Users/andrew_clinkenbeard1/Box/SOC/Basic_FPro2
# Command line: vivado.exe -gui_launcher_event rodinguilauncherevent18688 C:\Users\andrew_clinkenbeard1\Box\SOC\Basic_FPro2\Basic_FPro2.xpr
# Log file: C:/Users/andrew_clinkenbeard1/Box/SOC/Basic_FPro2/vivado.log
# Journal file: C:/Users/andrew_clinkenbeard1/Box/SOC/Basic_FPro2\vivado.jou
#-----------------------------------------------------------
start_gui
open_project C:/Users/andrew_clinkenbeard1/Box/SOC/Basic_FPro2/Basic_FPro2.xpr
CRITICAL WARNING: [Project 1-19] Could not find the file 'C:/Users/andrew_clinkenbeard1/Box/SOC/Basic_FPro2/Basic_FPro2.srcs/sources_1/ip/xadc_fpro/xadc_fpro.xci'.
CRITICAL WARNING: [Project 1-19] Could not find the file 'C:/Users/andrew_clinkenbeard1/Box/SOC/Basic_FPro2/Basic_FPro2.srcs/sources_1/ip/cpu_1/cpu.xci'.
CRITICAL WARNING: [Project 1-19] Could not find the file 'C:/Users/andrew_clinkenbeard1/Box/SOC/fpga_mcs_sv_src/fpga_mcs_sv_src/hdl/mmio/mmio_basic/chu_gpi.sv'.
CRITICAL WARNING: [Project 1-19] Could not find the file 'C:/Users/andrew_clinkenbeard1/Box/SOC/fpga_mcs_sv_src/fpga_mcs_sv_src/hdl/sys/bridge/chu_mcs_bridge.sv'.
CRITICAL WARNING: [Project 1-19] Could not find the file 'C:/Users/andrew_clinkenbeard1/Box/SOC/fpga_mcs_sv_src/fpga_mcs_sv_src/hdl/mmio/mmio_support/chu_mmio_controller.sv'.
CRITICAL WARNING: [Project 1-19] Could not find the file 'C:/Users/andrew_clinkenbeard1/Box/SOC/Basic_FPro2/Basic_FPro2.srcs/sources_1/imports/xadc/chu_xadc_core.sv'.
CRITICAL WARNING: [Project 1-19] Could not find the file 'C:/Users/andrew_clinkenbeard1/Box/SOC/fpga_mcs_sv_src/fpga_mcs_sv_src/hdl/mmio/mmio_support/fifo/fifo.sv'.
CRITICAL WARNING: [Project 1-19] Could not find the file 'C:/Users/andrew_clinkenbeard1/Box/SOC/fpga_mcs_sv_src/fpga_mcs_sv_src/hdl/sys/subsys/mmio_sys_vanilla.sv'.
CRITICAL WARNING: [Project 1-19] Could not find the file 'C:/Users/andrew_clinkenbeard1/Box/SOC/fpga_mcs_sv_src/fpga_mcs_sv_src/hdl/sys/top/mcs_top_vanilla.sv'.
CRITICAL WARNING: [Project 1-19] Could not find the file 'C:/Users/andrew_clinkenbeard1/Box/SOC/Basic_FPro2/Basic_FPro2.srcs/constrs_1/imports/SOC/Nexys4_DDR_chu.xdc'.
Scanning sources...
Finished scanning sources
INFO: [IP_Flow 19-234] Refreshing IP repositories
INFO: [IP_Flow 19-1704] No user IP repositories specified
INFO: [IP_Flow 19-2313] Loaded Vivado IP repository 'C:/XilinxVitis/Vivado/2021.1/data/ip'.
INFO: [Device 21-403] Loading part xc7a100tcsg324-1
WARNING: [IP_Flow 19-3664] IP 'cpu' generated file not found 'c:/Users/andrew_clinkenbeard1/Box/SOC/Basic_FPro2/Basic_FPro2.gen/sources_1/ip/cpu_1/bd_0/bd_3914.bd'. Please regenerate to continue.
WARNING: [IP_Flow 19-3664] IP 'cpu' generated file not found 'c:/Users/andrew_clinkenbeard1/Box/SOC/Basic_FPro2/Basic_FPro2.gen/sources_1/ip/cpu_1/bd_0/bd_3914.bd'. Please regenerate to continue.
WARNING: [IP_Flow 19-3664] IP 'cpu' generated file not found 'c:/Users/andrew_clinkenbeard1/Box/SOC/Basic_FPro2/Basic_FPro2.gen/sources_1/ip/cpu_1/synth/cpu.v'. Please regenerate to continue.
WARNING: [IP_Flow 19-3664] IP 'cpu' generated file not found 'c:/Users/andrew_clinkenbeard1/Box/SOC/Basic_FPro2/Basic_FPro2.gen/sources_1/ip/cpu_1/sim/cpu.v'. Please regenerate to continue.
WARNING: [IP_Flow 19-3664] IP 'cpu' generated file not found 'c:/Users/andrew_clinkenbeard1/Box/SOC/Basic_FPro2/Basic_FPro2.gen/sources_1/ip/cpu_1/doc/microblaze_mcs_v3_0_changelog.txt'. Please regenerate to continue.
INFO: [Common 17-41] Interrupt caught. Command should exit soon.
ERROR: [BD 41-69] Error sourcing TCL script: 
    while executing
"namespace eval ::xilinx.com_interface_aximm_1.0 { source -notrace {C:/XilinxVitis/Vivado/2021.1/data/rsb/busdef/AXIMM/busdef.tcl} }"
ERROR: [BD 41-69] Error sourcing TCL script: 
    while executing
"source -notrace {C:/XilinxVitis/Vivado/2021.1/data/rsb/busdef/clock_signal/busdef.tcl} "
    (in namespace eval "::xilinx.com_signal_clock_1.0" script line 1)
    invoked from within
"namespace eval ::xilinx.com_signal_clock_1.0 { source -notrace {C:/XilinxVitis/Vivado/2021.1/data/rsb/busdef/clock_signal/busdef.tcl} }"
ERROR: [BD 41-69] Error sourcing TCL script: 
    while executing
"source -notrace {C:/XilinxVitis/Vivado/2021.1/data/rsb/busdef/gt_outclk/busdef.tcl} "
    (in namespace eval "::xilinx.com_signal_gt_outclk_1.0" script line 1)
    invoked from within
"namespace eval ::xilinx.com_signal_gt_outclk_1.0 { source -notrace {C:/XilinxVitis/Vivado/2021.1/data/rsb/busdef/gt_outclk/busdef.tcl} }"
ERROR: [BD 41-69] Error sourcing TCL script: 
    while executing
"source -notrace {C:/XilinxVitis/Vivado/2021.1/data/rsb/busdef/gt_usrclk/busdef.tcl} "
    (in namespace eval "::xilinx.com_signal_gt_usrclk_1.0" script line 1)
    invoked from within
"namespace eval ::xilinx.com_signal_gt_usrclk_1.0 { source -notrace {C:/XilinxVitis/Vivado/2021.1/data/rsb/busdef/gt_usrclk/busdef.tcl} }"
ERROR: [BD 41-69] Error sourcing TCL script: 
    while executing
"source -notrace {C:/XilinxVitis/Vivado/2021.1/data/rsb/busdef/interrupt_signal/busdef.tcl} "
    (in namespace eval "::xilinx.com_signal_interrupt_1.0" script line 1)
    invoked from within
"namespace eval ::xilinx.com_signal_interrupt_1.0 { source -notrace {C:/XilinxVitis/Vivado/2021.1/data/rsb/busdef/interrupt_signal/busdef.tcl} }"
INFO: [Common 17-344] 'open_project' was cancelled
open_project C:/Users/andrew_clinkenbeard1/Box/SOC/Basic_FPro2/Basic_FPro2.xpr
Scanning sources...
Finished scanning sources
INFO: [IP_Flow 19-234] Refreshing IP repositories
INFO: [IP_Flow 19-1704] No user IP repositories specified
INFO: [IP_Flow 19-2313] Loaded Vivado IP repository 'C:/XilinxVitis/Vivado/2021.1/data/ip'.
open_project: Time (s): cpu = 00:00:15 ; elapsed = 00:00:16 . Memory (MB): peak = 1519.359 ; gain = 33.176
update_compile_order -fileset sources_1
import_files -norecurse {C:/Users/andrew_clinkenbeard1/Box/SOC/Blinking_Led_2/Blinking_Led_2.srcs/sources_1/new/blinker.sv C:/Users/andrew_clinkenbeard1/Box/SOC/Blinking_Led_2/Blinking_Led_2.srcs/sources_1/new/blinker_top.sv C:/Users/andrew_clinkenbeard1/Box/SOC/Blinking_Led_2/Blinking_Led_2.srcs/sources_1/new/counter.sv}
update_compile_order -fileset sources_1
update_compile_order -fileset sources_1
update_compile_order -fileset sources_1
update_compile_order -fileset sources_1
update_compile_order -fileset sources_1
reset_run synth_1
launch_runs impl_1 -to_step write_bitstream -jobs 6
[Thu Oct 28 17:34:54 2021] Launched synth_1...
Run output will be captured here: C:/Users/andrew_clinkenbeard1/Box/SOC/Basic_FPro2/Basic_FPro2.runs/synth_1/runme.log
[Thu Oct 28 17:34:54 2021] Launched impl_1...
Run output will be captured here: C:/Users/andrew_clinkenbeard1/Box/SOC/Basic_FPro2/Basic_FPro2.runs/impl_1/runme.log
open_run impl_1
Netlist sorting complete. Time (s): cpu = 00:00:00 ; elapsed = 00:00:00.118 . Memory (MB): peak = 1572.102 ; gain = 0.000
INFO: [Netlist 29-17] Analyzing 301 Unisim elements for replacement
INFO: [Netlist 29-28] Unisim Transformation completed in 0 CPU seconds
INFO: [Project 1-479] Netlist was created with Vivado 2021.1
INFO: [Project 1-570] Preparing netlist for logic optimization
INFO: [Timing 38-478] Restoring timing data from binary archive.
INFO: [Timing 38-479] Binary timing data restore complete.
INFO: [Project 1-856] Restoring constraints from binary archive.
INFO: [Project 1-853] Binary constraint restore complete.
Reading XDEF placement.
Reading placer database...
Reading XDEF routing.
Read XDEF File: Time (s): cpu = 00:00:00 ; elapsed = 00:00:00.239 . Memory (MB): peak = 2291.660 ; gain = 0.000
Restored from archive | CPU: 0.000000 secs | Memory: 0.000000 MB |
Finished XDEF File Restore: Time (s): cpu = 00:00:00 ; elapsed = 00:00:00.240 . Memory (MB): peak = 2291.660 ; gain = 0.000
Generating merged BMM file for the design top 'mcs_top_vanilla'...
INFO: [Memdata 28-144] Successfully populated the BRAM INIT strings from the following elf files: c:/Users/andrew_clinkenbeard1/Box/SOC/Basic_FPro2/Basic_FPro2.gen/sources_1/ip/cpu_1/bd_0/ip/ip_0/data/mb_bootloop_le.elf 
Netlist sorting complete. Time (s): cpu = 00:00:00 ; elapsed = 00:00:00.005 . Memory (MB): peak = 2291.660 ; gain = 0.000
INFO: [Project 1-111] Unisim Transformation Summary:
  A total of 167 instances were transformed.
  LUT6_2 => LUT6_2 (LUT5, LUT6): 79 instances
  RAM32X1D => RAM32X1D (RAMD32(x2)): 64 instances
  RAM64M => RAM64M (RAMD64E(x4)): 24 instances

open_run: Time (s): cpu = 00:00:21 ; elapsed = 00:00:16 . Memory (MB): peak = 2425.539 ; gain = 853.438
exit
INFO: [Common 17-206] Exiting Vivado at Thu Oct 28 17:41:35 2021...
